2018-09-26 11:23:14,198 [Thread-3:7884] [django.server:124] [basehttp:log_message] [ERROR]- "GET /index/ HTTP/1.1" 500 87827
2018-09-26 11:23:16,029 [Thread-4:15496] [django.server:124] [basehttp:log_message] [ERROR]- "GET /sitemap.xml HTTP/1.1" 500 94195
2018-09-26 11:24:03,286 [Thread-3:7164] [django.server:124] [basehttp:log_message] [ERROR]- "GET /sitemap.xml HTTP/1.1" 500 91033
2018-09-26 11:29:35,104 [Thread-3:19040] [django.server:124] [basehttp:log_message] [ERROR]- "GET /sitemap.xml HTTP/1.1" 500 109173
2018-09-26 12:40:01,928 [Thread-3:7104] [django.server:124] [basehttp:log_message] [ERROR]- "GET /sitemap.xml HTTP/1.1" 500 108943
2018-09-26 12:40:54,979 [Thread-9:4644] [django.server:124] [basehttp:log_message] [ERROR]- "GET /sitemap.xml HTTP/1.1" 500 108942
2018-09-26 12:46:39,795 [Thread-3:5652] [django.server:124] [basehttp:log_message] [ERROR]- "GET /sitemap.xml HTTP/1.1" 500 108788
2018-09-26 12:47:41,217 [Thread-4:17388] [django.server:124] [basehttp:log_message] [ERROR]- "GET /sitemap.xml HTTP/1.1" 500 108941
2018-09-26 12:57:31,994 [Thread-5:7236] [django.server:124] [basehttp:log_message] [ERROR]- "GET /staticsitemap.xml HTTP/1.1" 500 118672
2018-09-26 12:57:57,482 [Thread-3:10824] [django.server:124] [basehttp:log_message] [ERROR]- "GET /staticsitemap.xml HTTP/1.1" 500 118803
2018-09-26 13:43:02,260 [Thread-5:14688] [django.server:124] [basehttp:log_message] [ERROR]- "GET /index/ HTTP/1.1" 500 84349
2018-09-26 13:44:22,895 [Thread-3:17756] [django.server:124] [basehttp:log_message] [ERROR]- "GET /index/ HTTP/1.1" 500 66459
2018-09-26 13:45:38,231 [Thread-3:2596] [django.server:124] [basehttp:log_message] [ERROR]- "GET /index/ HTTP/1.1" 500 66314
2018-09-26 13:46:48,106 [Thread-3:8636] [django.server:124] [basehttp:log_message] [ERROR]- "GET /index/ HTTP/1.1" 500 66309
2018-09-26 16:18:13,943 [Thread-10:11020] [django.server:124] [basehttp:log_message] [ERROR]- "GET /register/ HTTP/1.1" 500 27
2018-09-26 16:18:42,872 [Thread-3:8808] [django.server:124] [basehttp:log_message] [ERROR]- "GET /register/ HTTP/1.1" 500 27
2018-09-26 16:19:23,378 [Thread-3:10892] [django.server:124] [basehttp:log_message] [ERROR]- "GET /register/ HTTP/1.1" 500 27
2018-09-26 16:19:54,627 [Thread-5:2868] [django.server:124] [basehttp:log_message] [ERROR]- "GET /register/?name=rgc4&age=141 HTTP/1.1" 500 27
2018-09-26 16:27:27,214 [Thread-3:13768] [django.server:124] [basehttp:log_message] [ERROR]- "GET /register/ HTTP/1.1" 500 93047
2018-09-26 16:28:56,097 [Thread-3:14652] [django.server:124] [basehttp:log_message] [ERROR]- "GET /register/?name=rgc4&age=141 HTTP/1.1" 500 93776
